<?xml version="1.0" encoding="UTF-8"?>
<!-- Generated by org.testng.reporters.JUnitXMLReporter -->
<testsuite hostname="DES-WIP-073" ignored="0" name="Default test" tests="3" failures="0" timestamp="28 Jan 2022 09:34:43 GMT" time="45.836" errors="0">
  <testcase name="login" time="1.082" classname="org.highengage.Login"/>
  <testcase name="about" time="3.202" classname="org.highengage.Login"/>
  <testcase name="organization" time="6.582" classname="org.highengage.Login"/>
</testsuite> <!-- Default test -->
