<?xml version="1.0" encoding="UTF-8"?>
<testng-results skipped="0" failed="0" ignored="0" total="3" passed="3">
  <reporter-output>
  </reporter-output>
  <suite name="Default suite" duration-ms="45836" started-at="2022-01-28T09:33:57Z" finished-at="2022-01-28T09:34:42Z">
    <groups>
    </groups>
    <test name="Default test" duration-ms="45836" started-at="2022-01-28T09:33:57Z" finished-at="2022-01-28T09:34:42Z">
      <class name="org.highengage.Login">
        <test-method status="PASS" signature="highenglogin()[pri:0, instance:org.highengage.Login@2ac273d3]" name="highenglogin" is-config="true" duration-ms="34472" started-at="2022-01-28T09:33:57Z" finished-at="2022-01-28T09:34:31Z">
          <reporter-output>
          </reporter-output>
        </test-method> <!-- highenglogin -->
        <test-method status="PASS" signature="timeStart()[pri:0, instance:org.highengage.Login@2ac273d3]" name="timeStart" is-config="true" duration-ms="16" started-at="2022-01-28T09:34:31Z" finished-at="2022-01-28T09:34:32Z">
          <reporter-output>
          </reporter-output>
        </test-method> <!-- timeStart -->
        <test-method status="PASS" signature="login()[pri:1, instance:org.highengage.Login@2ac273d3]" name="login" duration-ms="1082" started-at="2022-01-28T09:34:32Z" finished-at="2022-01-28T09:34:33Z">
          <reporter-output>
          </reporter-output>
        </test-method> <!-- login -->
        <test-method status="PASS" signature="timeEnd()[pri:0, instance:org.highengage.Login@2ac273d3]" name="timeEnd" is-config="true" duration-ms="2" started-at="2022-01-28T09:34:33Z" finished-at="2022-01-28T09:34:33Z">
          <reporter-output>
          </reporter-output>
        </test-method> <!-- timeEnd -->
        <test-method status="PASS" signature="about()[pri:2, instance:org.highengage.Login@2ac273d3]" name="about" duration-ms="3202" started-at="2022-01-28T09:34:33Z" finished-at="2022-01-28T09:34:36Z">
          <reporter-output>
          </reporter-output>
        </test-method> <!-- about -->
        <test-method status="PASS" signature="timeStart()[pri:0, instance:org.highengage.Login@2ac273d3]" name="timeStart" is-config="true" duration-ms="0" started-at="2022-01-28T09:34:33Z" finished-at="2022-01-28T09:34:33Z">
          <reporter-output>
          </reporter-output>
        </test-method> <!-- timeStart -->
        <test-method status="PASS" signature="timeEnd()[pri:0, instance:org.highengage.Login@2ac273d3]" name="timeEnd" is-config="true" duration-ms="1" started-at="2022-01-28T09:34:36Z" finished-at="2022-01-28T09:34:36Z">
          <reporter-output>
          </reporter-output>
        </test-method> <!-- timeEnd -->
        <test-method status="PASS" signature="organization()[pri:3, instance:org.highengage.Login@2ac273d3]" name="organization" duration-ms="6582" started-at="2022-01-28T09:34:36Z" finished-at="2022-01-28T09:34:42Z">
          <reporter-output>
          </reporter-output>
        </test-method> <!-- organization -->
        <test-method status="PASS" signature="timeStart()[pri:0, instance:org.highengage.Login@2ac273d3]" name="timeStart" is-config="true" duration-ms="0" started-at="2022-01-28T09:34:36Z" finished-at="2022-01-28T09:34:36Z">
          <reporter-output>
          </reporter-output>
        </test-method> <!-- timeStart -->
        <test-method status="PASS" signature="timeEnd()[pri:0, instance:org.highengage.Login@2ac273d3]" name="timeEnd" is-config="true" duration-ms="0" started-at="2022-01-28T09:34:42Z" finished-at="2022-01-28T09:34:42Z">
          <reporter-output>
          </reporter-output>
        </test-method> <!-- timeEnd -->
      </class> <!-- org.highengage.Login -->
    </test> <!-- Default test -->
  </suite> <!-- Default suite -->
</testng-results>
